  Bitboard.cpp
C:\Users\salih\source\repos\SDChess\Bitboard.h(7,10): warning C4067: unexpected tokens following preprocessor directive - expected a newline
C:\Users\salih\source\repos\SDChess\Bitboard.h(8,10): warning C4067: unexpected tokens following preprocessor directive - expected a newline
C:\Users\salih\source\repos\SDChess\Square.h(4,10): warning C4067: unexpected tokens following preprocessor directive - expected a newline
C:\Users\salih\source\repos\SDChess\Piece.h(5,10): warning C4067: unexpected tokens following preprocessor directive - expected a newline
C:\Users\salih\source\repos\SDChess\Bitboard.h(9,10): warning C4067: unexpected tokens following preprocessor directive - expected a newline
C:\Users\salih\source\repos\SDChess\Move.h(4,10): warning C4067: unexpected tokens following preprocessor directive - expected a newline
  Board.cpp
C:\Users\salih\source\repos\SDChess\Square.h(4,10): warning C4067: unexpected tokens following preprocessor directive - expected a newline
C:\Users\salih\source\repos\SDChess\Piece.h(5,10): warning C4067: unexpected tokens following preprocessor directive - expected a newline
C:\Users\salih\source\repos\SDChess\Bitboard.h(7,10): warning C4067: unexpected tokens following preprocessor directive - expected a newline
C:\Users\salih\source\repos\SDChess\Bitboard.h(8,10): warning C4067: unexpected tokens following preprocessor directive - expected a newline
C:\Users\salih\source\repos\SDChess\Bitboard.h(9,10): warning C4067: unexpected tokens following preprocessor directive - expected a newline
C:\Users\salih\source\repos\SDChess\Move.h(4,10): warning C4067: unexpected tokens following preprocessor directive - expected a newline
C:\Users\salih\source\repos\SDChess\Board.cpp(389,60): warning C4267: 'initializing': conversion from 'size_t' to 'int', possible loss of data
  Move.cpp
C:\Users\salih\source\repos\SDChess\Move.h(4,10): warning C4067: unexpected tokens following preprocessor directive - expected a newline
C:\Users\salih\source\repos\SDChess\Square.h(4,10): warning C4067: unexpected tokens following preprocessor directive - expected a newline
C:\Users\salih\source\repos\SDChess\Piece.h(5,10): warning C4067: unexpected tokens following preprocessor directive - expected a newline
  Piece.cpp
C:\Users\salih\source\repos\SDChess\Square.h(4,10): warning C4067: unexpected tokens following preprocessor directive - expected a newline
C:\Users\salih\source\repos\SDChess\Piece.h(5,10): warning C4067: unexpected tokens following preprocessor directive - expected a newline
  Position.cpp
  SDchess.cpp
C:\Users\salih\source\repos\SDChess\Square.h(4,10): warning C4067: unexpected tokens following preprocessor directive - expected a newline
C:\Users\salih\source\repos\SDChess\Piece.h(5,10): warning C4067: unexpected tokens following preprocessor directive - expected a newline
C:\Users\salih\source\repos\SDChess\Bitboard.h(7,10): warning C4067: unexpected tokens following preprocessor directive - expected a newline
C:\Users\salih\source\repos\SDChess\Bitboard.h(8,10): warning C4067: unexpected tokens following preprocessor directive - expected a newline
C:\Users\salih\source\repos\SDChess\Bitboard.h(9,10): warning C4067: unexpected tokens following preprocessor directive - expected a newline
C:\Users\salih\source\repos\SDChess\Move.h(4,10): warning C4067: unexpected tokens following preprocessor directive - expected a newline
  Square.cpp
C:\Users\salih\source\repos\SDChess\Square.h(4,10): warning C4067: unexpected tokens following preprocessor directive - expected a newline
C:\Users\salih\source\repos\SDChess\Piece.h(5,10): warning C4067: unexpected tokens following preprocessor directive - expected a newline
  Generating Code...
  SDchess.vcxproj -> C:\Users\salih\source\repos\SDChess\x64\Debug\SDchess.exe
