c:\users\salih\source\repos\sdchess\x64\debug\vc143.pdb
c:\users\salih\source\repos\sdchess\x64\debug\vc143.idb
c:\users\salih\source\repos\sdchess\x64\debug\test.obj
c:\users\salih\source\repos\sdchess\x64\debug\square.obj
c:\users\salih\source\repos\sdchess\x64\debug\sdchess.obj
c:\users\salih\source\repos\sdchess\x64\debug\position.obj
c:\users\salih\source\repos\sdchess\x64\debug\piece.obj
c:\users\salih\source\repos\sdchess\x64\debug\move.obj
c:\users\salih\source\repos\sdchess\x64\debug\board.obj
c:\users\salih\source\repos\sdchess\x64\debug\bitboard.obj
c:\users\salih\source\repos\sdchess\x64\debug\sdchess.exe
c:\users\salih\source\repos\sdchess\x64\debug\sdchess.ilk
c:\users\salih\source\repos\sdchess\x64\debug\sdchess.pdb
c:\users\salih\source\repos\sdchess\x64\debug\bitboard.obj.enc
c:\users\salih\source\repos\sdchess\x64\debug\sdchess.tlog\cl.command.1.tlog
c:\users\salih\source\repos\sdchess\x64\debug\sdchess.tlog\cl.read.1.tlog
c:\users\salih\source\repos\sdchess\x64\debug\sdchess.tlog\cl.write.1.tlog
c:\users\salih\source\repos\sdchess\x64\debug\sdchess.tlog\link.command.1.tlog
c:\users\salih\source\repos\sdchess\x64\debug\sdchess.tlog\link.read.1.tlog
c:\users\salih\source\repos\sdchess\x64\debug\sdchess.tlog\link.write.1.tlog
